Started GET "/" for 127.0.0.1 at 2022-10-16 21:05:15 -0300
  
ActiveRecord::DatabaseConnectionError (There is an issue connecting to your database with your username/password, username: jp.

Please check your database configuration to ensure the username/password are valid.
):
  
activerecord (7.0.4) lib/active_record/connection_adapters/postgresql_adapter.rb:83:in `rescue in new_client'
activerecord (7.0.4) lib/active_record/connection_adapters/postgresql_adapter.rb:77:in `new_client'
activerecord (7.0.4) lib/active_record/connection_adapters/postgresql_adapter.rb:37:in `postgresql_connection'
activerecord (7.0.4) lib/active_record/connection_adapters/abstract/connection_pool.rb:656:in `public_send'
activerecord (7.0.4) lib/active_record/connection_adapters/abstract/connection_pool.rb:656:in `new_connection'
activerecord (7.0.4) lib/active_record/connection_adapters/abstract/connection_pool.rb:700:in `checkout_new_connection'
activerecord (7.0.4) lib/active_record/connection_adapters/abstract/connection_pool.rb:679:in `try_to_checkout_new_connection'
activerecord (7.0.4) lib/active_record/connection_adapters/abstract/connection_pool.rb:640:in `acquire_connection'
activerecord (7.0.4) lib/active_record/connection_adapters/abstract/connection_pool.rb:341:in `checkout'
activerecord (7.0.4) lib/active_record/connection_adapters/abstract/connection_pool.rb:181:in `connection'
activerecord (7.0.4) lib/active_record/connection_adapters/abstract/connection_handler.rb:211:in `retrieve_connection'
activerecord (7.0.4) lib/active_record/connection_handling.rb:313:in `retrieve_connection'
activerecord (7.0.4) lib/active_record/connection_handling.rb:280:in `connection'
activerecord (7.0.4) lib/active_record/migration.rb:613:in `connection'
activerecord (7.0.4) lib/active_record/migration.rb:608:in `build_watcher'
activerecord (7.0.4) lib/active_record/migration.rb:590:in `block in call'
activerecord (7.0.4) lib/active_record/migration.rb:589:in `synchronize'
activerecord (7.0.4) lib/active_record/migration.rb:589:in `call'
actionpack (7.0.4) lib/action_dispatch/middleware/callbacks.rb:27:in `block in call'
activesupport (7.0.4) lib/active_support/callbacks.rb:99:in `run_callbacks'
actionpack (7.0.4) lib/action_dispatch/middleware/callbacks.rb:26:in `call'
actionpack (7.0.4) lib/action_dispatch/middleware/executor.rb:14:in `call'
actionpack (7.0.4) lib/action_dispatch/middleware/actionable_exceptions.rb:17:in `call'
actionpack (7.0.4) lib/action_dispatch/middleware/debug_exceptions.rb:28:in `call'
actionpack (7.0.4) lib/action_dispatch/middleware/show_exceptions.rb:26:in `call'
railties (7.0.4) lib/rails/rack/logger.rb:40:in `call_app'
railties (7.0.4) lib/rails/rack/logger.rb:25:in `block in call'
activesupport (7.0.4) lib/active_support/tagged_logging.rb:99:in `block in tagged'
activesupport (7.0.4) lib/active_support/tagged_logging.rb:37:in `tagged'
activesupport (7.0.4) lib/active_support/tagged_logging.rb:99:in `tagged'
railties (7.0.4) lib/rails/rack/logger.rb:25:in `call'
sprockets-rails (3.4.2) lib/sprockets/rails/quiet_assets.rb:13:in `call'
actionpack (7.0.4) lib/action_dispatch/middleware/remote_ip.rb:93:in `call'
actionpack (7.0.4) lib/action_dispatch/middleware/request_id.rb:26:in `call'
rack (2.2.4) lib/rack/method_override.rb:24:in `call'
rack (2.2.4) lib/rack/runtime.rb:22:in `call'
activesupport (7.0.4) lib/active_support/cache/strategy/local_cache_middleware.rb:29:in `call'
actionpack (7.0.4) lib/action_dispatch/middleware/server_timing.rb:61:in `block in call'
actionpack (7.0.4) lib/action_dispatch/middleware/server_timing.rb:26:in `collect_events'
actionpack (7.0.4) lib/action_dispatch/middleware/server_timing.rb:60:in `call'
actionpack (7.0.4) lib/action_dispatch/middleware/executor.rb:14:in `call'
actionpack (7.0.4) lib/action_dispatch/middleware/static.rb:23:in `call'
rack (2.2.4) lib/rack/sendfile.rb:110:in `call'
actionpack (7.0.4) lib/action_dispatch/middleware/host_authorization.rb:137:in `call'
vite_ruby (3.2.6) lib/vite_ruby/dev_server_proxy.rb:22:in `perform_request'
rack-proxy (0.7.4) lib/rack/proxy.rb:78:in `call'
railties (7.0.4) lib/rails/engine.rb:530:in `call'
puma (5.6.5) lib/puma/configuration.rb:252:in `call'
puma (5.6.5) lib/puma/request.rb:77:in `block in handle_request'
puma (5.6.5) lib/puma/thread_pool.rb:340:in `with_force_shutdown'
puma (5.6.5) lib/puma/request.rb:76:in `handle_request'
puma (5.6.5) lib/puma/server.rb:443:in `process_client'
puma (5.6.5) lib/puma/thread_pool.rb:147:in `block in spawn_thread'
Started GET "/" for ::1 at 2022-10-17 18:11:38 -0300
  
ActiveRecord::DatabaseConnectionError (There is an issue connecting to your database with your username/password, username: jp.

Please check your database configuration to ensure the username/password are valid.
):
  
activerecord (7.0.4) lib/active_record/connection_adapters/postgresql_adapter.rb:83:in `rescue in new_client'
activerecord (7.0.4) lib/active_record/connection_adapters/postgresql_adapter.rb:77:in `new_client'
activerecord (7.0.4) lib/active_record/connection_adapters/postgresql_adapter.rb:37:in `postgresql_connection'
activerecord (7.0.4) lib/active_record/connection_adapters/abstract/connection_pool.rb:656:in `public_send'
activerecord (7.0.4) lib/active_record/connection_adapters/abstract/connection_pool.rb:656:in `new_connection'
activerecord (7.0.4) lib/active_record/connection_adapters/abstract/connection_pool.rb:700:in `checkout_new_connection'
activerecord (7.0.4) lib/active_record/connection_adapters/abstract/connection_pool.rb:679:in `try_to_checkout_new_connection'
activerecord (7.0.4) lib/active_record/connection_adapters/abstract/connection_pool.rb:640:in `acquire_connection'
activerecord (7.0.4) lib/active_record/connection_adapters/abstract/connection_pool.rb:341:in `checkout'
activerecord (7.0.4) lib/active_record/connection_adapters/abstract/connection_pool.rb:181:in `connection'
activerecord (7.0.4) lib/active_record/connection_adapters/abstract/connection_handler.rb:211:in `retrieve_connection'
activerecord (7.0.4) lib/active_record/connection_handling.rb:313:in `retrieve_connection'
activerecord (7.0.4) lib/active_record/connection_handling.rb:280:in `connection'
activerecord (7.0.4) lib/active_record/migration.rb:613:in `connection'
activerecord (7.0.4) lib/active_record/migration.rb:608:in `build_watcher'
activerecord (7.0.4) lib/active_record/migration.rb:590:in `block in call'
activerecord (7.0.4) lib/active_record/migration.rb:589:in `synchronize'
activerecord (7.0.4) lib/active_record/migration.rb:589:in `call'
actionpack (7.0.4) lib/action_dispatch/middleware/callbacks.rb:27:in `block in call'
activesupport (7.0.4) lib/active_support/callbacks.rb:99:in `run_callbacks'
actionpack (7.0.4) lib/action_dispatch/middleware/callbacks.rb:26:in `call'
actionpack (7.0.4) lib/action_dispatch/middleware/executor.rb:14:in `call'
actionpack (7.0.4) lib/action_dispatch/middleware/actionable_exceptions.rb:17:in `call'
actionpack (7.0.4) lib/action_dispatch/middleware/debug_exceptions.rb:28:in `call'
actionpack (7.0.4) lib/action_dispatch/middleware/show_exceptions.rb:26:in `call'
railties (7.0.4) lib/rails/rack/logger.rb:40:in `call_app'
railties (7.0.4) lib/rails/rack/logger.rb:25:in `block in call'
activesupport (7.0.4) lib/active_support/tagged_logging.rb:99:in `block in tagged'
activesupport (7.0.4) lib/active_support/tagged_logging.rb:37:in `tagged'
activesupport (7.0.4) lib/active_support/tagged_logging.rb:99:in `tagged'
railties (7.0.4) lib/rails/rack/logger.rb:25:in `call'
sprockets-rails (3.4.2) lib/sprockets/rails/quiet_assets.rb:13:in `call'
actionpack (7.0.4) lib/action_dispatch/middleware/remote_ip.rb:93:in `call'
actionpack (7.0.4) lib/action_dispatch/middleware/request_id.rb:26:in `call'
rack (2.2.4) lib/rack/method_override.rb:24:in `call'
rack (2.2.4) lib/rack/runtime.rb:22:in `call'
activesupport (7.0.4) lib/active_support/cache/strategy/local_cache_middleware.rb:29:in `call'
actionpack (7.0.4) lib/action_dispatch/middleware/server_timing.rb:61:in `block in call'
actionpack (7.0.4) lib/action_dispatch/middleware/server_timing.rb:26:in `collect_events'
actionpack (7.0.4) lib/action_dispatch/middleware/server_timing.rb:60:in `call'
actionpack (7.0.4) lib/action_dispatch/middleware/executor.rb:14:in `call'
actionpack (7.0.4) lib/action_dispatch/middleware/static.rb:23:in `call'
rack (2.2.4) lib/rack/sendfile.rb:110:in `call'
actionpack (7.0.4) lib/action_dispatch/middleware/host_authorization.rb:137:in `call'
vite_ruby (3.2.6) lib/vite_ruby/dev_server_proxy.rb:22:in `perform_request'
rack-proxy (0.7.4) lib/rack/proxy.rb:78:in `call'
railties (7.0.4) lib/rails/engine.rb:530:in `call'
puma (5.6.5) lib/puma/configuration.rb:252:in `call'
puma (5.6.5) lib/puma/request.rb:77:in `block in handle_request'
puma (5.6.5) lib/puma/thread_pool.rb:340:in `with_force_shutdown'
puma (5.6.5) lib/puma/request.rb:76:in `handle_request'
puma (5.6.5) lib/puma/server.rb:443:in `process_client'
puma (5.6.5) lib/puma/thread_pool.rb:147:in `block in spawn_thread'
Started GET "/" for ::1 at 2022-10-17 18:21:19 -0300
  
ActiveRecord::NoDatabaseError (We could not find your database: vuerails_development. Which can be found in the database configuration file located at config/database.yml.

To resolve this issue:

- Did you create the database for this app, or delete it? You may need to create your database.
- Has the database name changed? Check your database.yml config has the correct database name.

To create your database, run:

        bin/rails db:create
):
  
activerecord (7.0.4) lib/active_record/connection_adapters/postgresql_adapter.rb:81:in `rescue in new_client'
activerecord (7.0.4) lib/active_record/connection_adapters/postgresql_adapter.rb:77:in `new_client'
activerecord (7.0.4) lib/active_record/connection_adapters/postgresql_adapter.rb:37:in `postgresql_connection'
activerecord (7.0.4) lib/active_record/connection_adapters/abstract/connection_pool.rb:656:in `public_send'
activerecord (7.0.4) lib/active_record/connection_adapters/abstract/connection_pool.rb:656:in `new_connection'
activerecord (7.0.4) lib/active_record/connection_adapters/abstract/connection_pool.rb:700:in `checkout_new_connection'
activerecord (7.0.4) lib/active_record/connection_adapters/abstract/connection_pool.rb:679:in `try_to_checkout_new_connection'
activerecord (7.0.4) lib/active_record/connection_adapters/abstract/connection_pool.rb:640:in `acquire_connection'
activerecord (7.0.4) lib/active_record/connection_adapters/abstract/connection_pool.rb:341:in `checkout'
activerecord (7.0.4) lib/active_record/connection_adapters/abstract/connection_pool.rb:181:in `connection'
activerecord (7.0.4) lib/active_record/connection_adapters/abstract/connection_handler.rb:211:in `retrieve_connection'
activerecord (7.0.4) lib/active_record/connection_handling.rb:313:in `retrieve_connection'
activerecord (7.0.4) lib/active_record/connection_handling.rb:280:in `connection'
activerecord (7.0.4) lib/active_record/migration.rb:613:in `connection'
activerecord (7.0.4) lib/active_record/migration.rb:608:in `build_watcher'
activerecord (7.0.4) lib/active_record/migration.rb:590:in `block in call'
activerecord (7.0.4) lib/active_record/migration.rb:589:in `synchronize'
activerecord (7.0.4) lib/active_record/migration.rb:589:in `call'
actionpack (7.0.4) lib/action_dispatch/middleware/callbacks.rb:27:in `block in call'
activesupport (7.0.4) lib/active_support/callbacks.rb:99:in `run_callbacks'
actionpack (7.0.4) lib/action_dispatch/middleware/callbacks.rb:26:in `call'
actionpack (7.0.4) lib/action_dispatch/middleware/executor.rb:14:in `call'
actionpack (7.0.4) lib/action_dispatch/middleware/actionable_exceptions.rb:17:in `call'
actionpack (7.0.4) lib/action_dispatch/middleware/debug_exceptions.rb:28:in `call'
actionpack (7.0.4) lib/action_dispatch/middleware/show_exceptions.rb:26:in `call'
railties (7.0.4) lib/rails/rack/logger.rb:40:in `call_app'
railties (7.0.4) lib/rails/rack/logger.rb:25:in `block in call'
activesupport (7.0.4) lib/active_support/tagged_logging.rb:99:in `block in tagged'
activesupport (7.0.4) lib/active_support/tagged_logging.rb:37:in `tagged'
activesupport (7.0.4) lib/active_support/tagged_logging.rb:99:in `tagged'
railties (7.0.4) lib/rails/rack/logger.rb:25:in `call'
sprockets-rails (3.4.2) lib/sprockets/rails/quiet_assets.rb:13:in `call'
actionpack (7.0.4) lib/action_dispatch/middleware/remote_ip.rb:93:in `call'
actionpack (7.0.4) lib/action_dispatch/middleware/request_id.rb:26:in `call'
rack (2.2.4) lib/rack/method_override.rb:24:in `call'
rack (2.2.4) lib/rack/runtime.rb:22:in `call'
activesupport (7.0.4) lib/active_support/cache/strategy/local_cache_middleware.rb:29:in `call'
actionpack (7.0.4) lib/action_dispatch/middleware/server_timing.rb:61:in `block in call'
actionpack (7.0.4) lib/action_dispatch/middleware/server_timing.rb:26:in `collect_events'
actionpack (7.0.4) lib/action_dispatch/middleware/server_timing.rb:60:in `call'
actionpack (7.0.4) lib/action_dispatch/middleware/executor.rb:14:in `call'
actionpack (7.0.4) lib/action_dispatch/middleware/static.rb:23:in `call'
rack (2.2.4) lib/rack/sendfile.rb:110:in `call'
actionpack (7.0.4) lib/action_dispatch/middleware/host_authorization.rb:137:in `call'
vite_ruby (3.2.6) lib/vite_ruby/dev_server_proxy.rb:22:in `perform_request'
rack-proxy (0.7.4) lib/rack/proxy.rb:78:in `call'
railties (7.0.4) lib/rails/engine.rb:530:in `call'
puma (5.6.5) lib/puma/configuration.rb:252:in `call'
puma (5.6.5) lib/puma/request.rb:77:in `block in handle_request'
puma (5.6.5) lib/puma/thread_pool.rb:340:in `with_force_shutdown'
puma (5.6.5) lib/puma/request.rb:76:in `handle_request'
puma (5.6.5) lib/puma/server.rb:443:in `process_client'
puma (5.6.5) lib/puma/thread_pool.rb:147:in `block in spawn_thread'
  [1m[35m (9332.3ms)[0m  [1m[35mCREATE DATABASE "vuerails_development" ENCODING = 'unicode'[0m
  [1m[35m (4725.6ms)[0m  [1m[35mCREATE DATABASE "vuerails_test" ENCODING = 'unicode'[0m
Started GET "/" for ::1 at 2022-10-17 18:27:40 -0300
Processing by WelcomeController#index as HTML
  Rendering layout layouts/application.html.erb
  Rendering welcome/index.html.erb within layouts/application
  Rendered welcome/index.html.erb within layouts/application (Duration: 1.3ms | Allocations: 456)
Building with Vite ⚡️
  Rendered layout layouts/application.html.erb (Duration: 33.7ms | Allocations: 10565)
Completed 500 Internal Server Error in 40ms (ActiveRecord: 0.0ms | Allocations: 12754)


  
ActionView::Template::Error (❌ The vite binary is not available. Have you installed the npm packages?

Visit the Troubleshooting guide for more information:
  https://vite-ruby.netlify.app/guide/troubleshooting.html#troubleshooting

No such file or directory - npm
):
    14: 
    15:       <%= stylesheet_link_tag "application" %>
    16:         <%= vite_client_tag %>
    17:           <%= vite_javascript_tag 'application' %>
    18:             <!--
    19:       If using a TypeScript entrypoint file:
    20:         vite_typescript_tag 'application'
  
app/views/layouts/application.html.erb:17
Started GET "/" for ::1 at 2022-10-17 18:35:44 -0300
Processing by WelcomeController#index as HTML
  Rendering layout layouts/application.html.erb
  Rendering welcome/index.html.erb within layouts/application
  Rendered welcome/index.html.erb within layouts/application (Duration: 0.0ms | Allocations: 7)
Building with Vite ⚡️
  Rendered layout layouts/application.html.erb (Duration: 337.1ms | Allocations: 4096)
Completed 500 Internal Server Error in 338ms (Allocations: 4337)


  
ActionView::Template::Error (❌ The vite binary is not available. Have you installed the npm packages?

Visit the Troubleshooting guide for more information:
  https://vite-ruby.netlify.app/guide/troubleshooting.html#troubleshooting

No such file or directory - /home/jp/Documents/rubyvue/Rails-VueJS/node_modules/.bin/vite
):
    14: 
    15:       <%= stylesheet_link_tag "application" %>
    16:         <%= vite_client_tag %>
    17:           <%= vite_javascript_tag 'application' %>
    18:             <!--
    19:       If using a TypeScript entrypoint file:
    20:         vite_typescript_tag 'application'
  
app/views/layouts/application.html.erb:17
Started GET "/" for ::1 at 2022-10-17 18:35:47 -0300
Processing by WelcomeController#index as HTML
  Rendering layout layouts/application.html.erb
  Rendering welcome/index.html.erb within layouts/application
  Rendered welcome/index.html.erb within layouts/application (Duration: 0.1ms | Allocations: 7)
Building with Vite ⚡️
  Rendered layout layouts/application.html.erb (Duration: 444.6ms | Allocations: 2137)
Completed 500 Internal Server Error in 446ms (Allocations: 2344)


  
ActionView::Template::Error (❌ The vite binary is not available. Have you installed the npm packages?

Visit the Troubleshooting guide for more information:
  https://vite-ruby.netlify.app/guide/troubleshooting.html#troubleshooting

No such file or directory - /home/jp/Documents/rubyvue/Rails-VueJS/node_modules/.bin/vite
):
    14: 
    15:       <%= stylesheet_link_tag "application" %>
    16:         <%= vite_client_tag %>
    17:           <%= vite_javascript_tag 'application' %>
    18:             <!--
    19:       If using a TypeScript entrypoint file:
    20:         vite_typescript_tag 'application'
  
app/views/layouts/application.html.erb:17
Started GET "/" for ::1 at 2022-10-17 18:36:15 -0300
Processing by WelcomeController#index as HTML
  Rendering layout layouts/application.html.erb
  Rendering welcome/index.html.erb within layouts/application
  Rendered welcome/index.html.erb within layouts/application (Duration: 0.8ms | Allocations: 456)
Building with Vite ⚡️
  Rendered layout layouts/application.html.erb (Duration: 412.3ms | Allocations: 9732)
Completed 500 Internal Server Error in 416ms (ActiveRecord: 0.0ms | Allocations: 11921)


  
ActionView::Template::Error (❌ The vite binary is not available. Have you installed the npm packages?

Visit the Troubleshooting guide for more information:
  https://vite-ruby.netlify.app/guide/troubleshooting.html#troubleshooting

No such file or directory - /home/jp/Documents/rubyvue/Rails-VueJS/node_modules/.bin/vite
):
    14: 
    15:       <%= stylesheet_link_tag "application" %>
    16:         <%= vite_client_tag %>
    17:           <%= vite_javascript_tag 'application' %>
    18:             <!--
    19:       If using a TypeScript entrypoint file:
    20:         vite_typescript_tag 'application'
  
app/views/layouts/application.html.erb:17
Started GET "/" for ::1 at 2022-10-17 18:36:17 -0300
Processing by WelcomeController#index as HTML
  Rendering layout layouts/application.html.erb
  Rendering welcome/index.html.erb within layouts/application
  Rendered welcome/index.html.erb within layouts/application (Duration: 0.0ms | Allocations: 7)
Building with Vite ⚡️
  Rendered layout layouts/application.html.erb (Duration: 321.5ms | Allocations: 2151)
Completed 500 Internal Server Error in 323ms (ActiveRecord: 0.0ms | Allocations: 2372)


  
ActionView::Template::Error (❌ The vite binary is not available. Have you installed the npm packages?

Visit the Troubleshooting guide for more information:
  https://vite-ruby.netlify.app/guide/troubleshooting.html#troubleshooting

No such file or directory - /home/jp/Documents/rubyvue/Rails-VueJS/node_modules/.bin/vite
):
    14: 
    15:       <%= stylesheet_link_tag "application" %>
    16:         <%= vite_client_tag %>
    17:           <%= vite_javascript_tag 'application' %>
    18:             <!--
    19:       If using a TypeScript entrypoint file:
    20:         vite_typescript_tag 'application'
  
app/views/layouts/application.html.erb:17
Started GET "/" for ::1 at 2022-10-17 18:36:53 -0300
Processing by WelcomeController#index as HTML
  Rendering layout layouts/application.html.erb
  Rendering welcome/index.html.erb within layouts/application
  Rendered welcome/index.html.erb within layouts/application (Duration: 1.1ms | Allocations: 456)
Building with Vite ⚡️
  Rendered layout layouts/application.html.erb (Duration: 337.8ms | Allocations: 9741)
Completed 500 Internal Server Error in 342ms (ActiveRecord: 0.0ms | Allocations: 11930)


  
ActionView::Template::Error (❌ The vite binary is not available. Have you installed the npm packages?

Visit the Troubleshooting guide for more information:
  https://vite-ruby.netlify.app/guide/troubleshooting.html#troubleshooting

No such file or directory - /home/jp/Documents/rubyvue/Rails-VueJS/node_modules/.bin/vite
):
    14: 
    15:       <%= stylesheet_link_tag "application" %>
    16:         <%= vite_client_tag %>
    17:           <%= vite_javascript_tag 'application' %>
    18:             <!--
    19:       If using a TypeScript entrypoint file:
    20:         vite_typescript_tag 'application'
  
app/views/layouts/application.html.erb:17
Started GET "/" for ::1 at 2022-10-17 18:37:32 -0300
Processing by WelcomeController#index as HTML
  Rendering layout layouts/application.html.erb
  Rendering welcome/index.html.erb within layouts/application
  Rendered welcome/index.html.erb within layouts/application (Duration: 0.9ms | Allocations: 456)
Building with Vite ⚡️
vite v3.1.8 building for development...

transforming...

✓ 11 modules transformed.

rendering chunks...

../../public/vite-dev/manifest-assets.json             0.00 KiB

../../public/vite-dev/manifest.json                    0.14 KiB

../../public/vite-dev/assets/application.68d461b6.js   171.17 KiB / gzip: 66.38 KiB

Build with Vite complete: /home/jp/Documents/rubyvue/Rails-VueJS/public/vite-dev
Skipping vite build. Watched files have not changed since the last build at 2022-10-17 18:37:34
  Rendered welcome/_header.html.erb (Duration: 6.7ms | Allocations: 422)
  Rendered layout layouts/application.html.erb (Duration: 2099.8ms | Allocations: 11592)
Completed 200 OK in 2104ms (Views: 2103.5ms | ActiveRecord: 0.0ms | Allocations: 13819)


Started GET "/" for ::1 at 2022-10-17 18:37:46 -0300
Processing by WelcomeController#index as HTML
  Rendering layout layouts/application.html.erb
  Rendering welcome/index.html.erb within layouts/application
  Rendered welcome/index.html.erb within layouts/application (Duration: 0.0ms | Allocations: 7)
Skipping vite build. Watched files have not changed since the last build at 2022-10-17 18:37:34
Skipping vite build. Watched files have not changed since the last build at 2022-10-17 18:37:34
  Rendered welcome/_header.html.erb (Duration: 0.3ms | Allocations: 90)
  Rendered layout layouts/application.html.erb (Duration: 13.5ms | Allocations: 4075)
Completed 200 OK in 15ms (Views: 14.2ms | ActiveRecord: 0.0ms | Allocations: 4315)


  [1m[35m (170.4ms)[0m  [1m[35mCREATE TABLE "schema_migrations" ("version" character varying NOT NULL PRIMARY KEY)[0m
  [1m[35m (147.2ms)[0m  [1m[35mCREATE TABLE "ar_internal_metadata" ("key" character varying NOT NULL PRIMARY KEY, "value" character varying, "created_at" timestamp(6) NOT NULL, "updated_at" timestamp(6) NOT NULL)[0m
  [1m[35m (0.2ms)[0m  [1m[34mSELECT pg_try_advisory_lock(2963435355795465600)[0m
  [1m[36mActiveRecord::SchemaMigration Pluck (0.4ms)[0m  [1m[34mSELECT "schema_migrations"."version" FROM "schema_migrations" ORDER BY "schema_migrations"."version" ASC[0m
Migrating to CreateUsuarios (20221017214137)
  [1m[36mTRANSACTION (0.1ms)[0m  [1m[35mBEGIN[0m
  [1m[35m (223.6ms)[0m  [1m[35mCREATE TABLE "usuarios" ("id" bigserial primary key, "nome" character varying, "idade" integer, "telefone" text, "email" text, "created_at" timestamp(6) NOT NULL, "updated_at" timestamp(6) NOT NULL)[0m
  [1m[36mActiveRecord::SchemaMigration Create (0.4ms)[0m  [1m[32mINSERT INTO "schema_migrations" ("version") VALUES ($1) RETURNING "version"[0m  [["version", "20221017214137"]]
  [1m[36mTRANSACTION (3.4ms)[0m  [1m[35mCOMMIT[0m
  [1m[36mActiveRecord::InternalMetadata Load (0.3ms)[0m  [1m[34mSELECT "ar_internal_metadata".* FROM "ar_internal_metadata" WHERE "ar_internal_metadata"."key" = $1 LIMIT $2[0m  [["key", "environment"], ["LIMIT", 1]]
  [1m[36mTRANSACTION (0.1ms)[0m  [1m[35mBEGIN[0m
  [1m[36mActiveRecord::InternalMetadata Create (0.3ms)[0m  [1m[32mINSERT INTO "ar_internal_metadata" ("key", "value", "created_at", "updated_at") VALUES ($1, $2, $3, $4) RETURNING "key"[0m  [["key", "environment"], ["value", "development"], ["created_at", "2022-10-17 21:42:34.016354"], ["updated_at", "2022-10-17 21:42:34.016354"]]
  [1m[36mTRANSACTION (3.5ms)[0m  [1m[35mCOMMIT[0m
  [1m[35m (0.4ms)[0m  [1m[34mSELECT pg_advisory_unlock(2963435355795465600)[0m
  [1m[36mActiveRecord::SchemaMigration Pluck (0.5ms)[0m  [1m[34mSELECT "schema_migrations"."version" FROM "schema_migrations" ORDER BY "schema_migrations"."version" ASC[0m
Started GET "/usuarios" for ::1 at 2022-10-17 18:45:05 -0300
  [1m[36mActiveRecord::SchemaMigration Pluck (0.5ms)[0m  [1m[34mSELECT "schema_migrations"."version" FROM "schema_migrations" ORDER BY "schema_migrations"."version" ASC[0m
Processing by UsuariosController#index as HTML
  Rendering layout layouts/application.html.erb
  Rendering usuarios/index.html.erb within layouts/application
  [1m[36mUsuario Load (0.4ms)[0m  [1m[34mSELECT "usuarios".* FROM "usuarios"[0m
  ↳ app/views/usuarios/index.html.erb:6
  Rendered usuarios/index.html.erb within layouts/application (Duration: 10.7ms | Allocations: 1992)
Skipping vite build. Watched files have not changed since the last build at 2022-10-17 18:37:34
Skipping vite build. Watched files have not changed since the last build at 2022-10-17 18:37:34
  Rendered welcome/_header.html.erb (Duration: 0.8ms | Allocations: 346)
  Rendered layout layouts/application.html.erb (Duration: 25.3ms | Allocations: 9785)
Completed 200 OK in 35ms (Views: 28.6ms | ActiveRecord: 0.4ms | Allocations: 13945)


Started GET "/usuarios/new" for ::1 at 2022-10-17 18:45:08 -0300
Processing by UsuariosController#new as HTML
  Rendering layout layouts/application.html.erb
  Rendering usuarios/new.html.erb within layouts/application
  Rendered usuarios/_form.html.erb (Duration: 21.1ms | Allocations: 7990)
  Rendered usuarios/new.html.erb within layouts/application (Duration: 21.8ms | Allocations: 8325)
Skipping vite build. Watched files have not changed since the last build at 2022-10-17 18:37:34
Skipping vite build. Watched files have not changed since the last build at 2022-10-17 18:37:34
  Rendered welcome/_header.html.erb (Duration: 0.1ms | Allocations: 82)
  Rendered layout layouts/application.html.erb (Duration: 29.0ms | Allocations: 12310)
Completed 200 OK in 48ms (Views: 29.5ms | ActiveRecord: 4.2ms | Allocations: 28948)


Started POST "/usuarios" for ::1 at 2022-10-17 18:45:40 -0300
Processing by UsuariosController#create as HTML
  Parameters: {"authenticity_token"=>"[FILTERED]", "usuario"=>{"nome"=>"Joao Pedro Assumpcao Evaristo", "idade"=>"20", "telefone"=>"12222222", "email"=>"joao.pedro@unifesp.br\r\n"}, "commit"=>"Create Usuario"}
  [1m[36mTRANSACTION (0.1ms)[0m  [1m[35mBEGIN[0m
  ↳ app/controllers/usuarios_controller.rb:26:in `create'
  [1m[36mUsuario Create (3.1ms)[0m  [1m[32mINSERT INTO "usuarios" ("nome", "idade", "telefone", "email", "created_at", "updated_at") VALUES ($1, $2, $3, $4, $5, $6) RETURNING "id"[0m  [["nome", "Joao Pedro Assumpcao Evaristo"], ["idade", 20], ["telefone", "12222222"], ["email", "joao.pedro@unifesp.br\r\n"], ["created_at", "2022-10-17 21:45:40.177485"], ["updated_at", "2022-10-17 21:45:40.177485"]]
  ↳ app/controllers/usuarios_controller.rb:26:in `create'
  [1m[36mTRANSACTION (5.2ms)[0m  [1m[35mCOMMIT[0m
  ↳ app/controllers/usuarios_controller.rb:26:in `create'
Redirected to http://localhost:3000/usuarios/1
Completed 302 Found in 18ms (ActiveRecord: 8.4ms | Allocations: 3182)


Started GET "/usuarios/1" for ::1 at 2022-10-17 18:45:40 -0300
Processing by UsuariosController#show as HTML
  Parameters: {"id"=>"1"}
  [1m[36mUsuario Load (1.0ms)[0m  [1m[34mSELECT "usuarios".* FROM "usuarios" WHERE "usuarios"."id" = $1 LIMIT $2[0m  [["id", 1], ["LIMIT", 1]]
  ↳ app/controllers/usuarios_controller.rb:51:in `set_usuario'
  Rendering layout layouts/application.html.erb
  Rendering usuarios/show.html.erb within layouts/application
  Rendered usuarios/_usuario.html.erb (Duration: 0.8ms | Allocations: 300)
  Rendered usuarios/show.html.erb within layouts/application (Duration: 5.8ms | Allocations: 1574)
Skipping vite build. Watched files have not changed since the last build at 2022-10-17 18:37:34
Skipping vite build. Watched files have not changed since the last build at 2022-10-17 18:37:34
  Rendered welcome/_header.html.erb (Duration: 0.3ms | Allocations: 80)
  Rendered layout layouts/application.html.erb (Duration: 18.5ms | Allocations: 5537)
Completed 200 OK in 27ms (Views: 19.3ms | ActiveRecord: 1.2ms | Allocations: 7556)


Started GET "/usuarios" for ::1 at 2022-10-17 18:45:53 -0300
Processing by UsuariosController#index as HTML
  Rendering layout layouts/application.html.erb
  Rendering usuarios/index.html.erb within layouts/application
  [1m[36mUsuario Load (0.7ms)[0m  [1m[34mSELECT "usuarios".* FROM "usuarios"[0m
  ↳ app/views/usuarios/index.html.erb:6
  Rendered usuarios/_usuario.html.erb (Duration: 0.1ms | Allocations: 24)
  Rendered usuarios/index.html.erb within layouts/application (Duration: 2.9ms | Allocations: 974)
Skipping vite build. Watched files have not changed since the last build at 2022-10-17 18:37:34
Skipping vite build. Watched files have not changed since the last build at 2022-10-17 18:37:34
  Rendered welcome/_header.html.erb (Duration: 0.2ms | Allocations: 80)
  Rendered layout layouts/application.html.erb (Duration: 10.3ms | Allocations: 4808)
Completed 200 OK in 11ms (Views: 10.0ms | ActiveRecord: 0.7ms | Allocations: 5060)


Started GET "/" for ::1 at 2022-10-17 18:45:55 -0300
Processing by WelcomeController#index as HTML
  Rendering layout layouts/application.html.erb
  Rendering welcome/index.html.erb within layouts/application
  Rendered welcome/index.html.erb within layouts/application (Duration: 0.5ms | Allocations: 113)
Skipping vite build. Watched files have not changed since the last build at 2022-10-17 18:37:34
Skipping vite build. Watched files have not changed since the last build at 2022-10-17 18:37:34
  Rendered welcome/_header.html.erb (Duration: 0.6ms | Allocations: 128)
  Rendered layout layouts/application.html.erb (Duration: 10.7ms | Allocations: 4435)
Completed 200 OK in 12ms (Views: 12.1ms | ActiveRecord: 0.0ms | Allocations: 5287)


Started GET "/" for ::1 at 2022-10-17 18:50:11 -0300
  [1m[36mActiveRecord::SchemaMigration Pluck (0.5ms)[0m  [1m[34mSELECT "schema_migrations"."version" FROM "schema_migrations" ORDER BY "schema_migrations"."version" ASC[0m
Processing by WelcomeController#index as HTML
  Rendering layout layouts/application.html.erb
  Rendering welcome/index.html.erb within layouts/application
  Rendered welcome/index.html.erb within layouts/application (Duration: 0.9ms | Allocations: 455)
Skipping vite build. Watched files have not changed since the last build at 2022-10-17 18:37:34
Skipping vite build. Watched files have not changed since the last build at 2022-10-17 18:37:34
  Rendered welcome/_header.html.erb (Duration: 1.0ms | Allocations: 423)
  Rendered layout layouts/application.html.erb (Duration: 18.4ms | Allocations: 8762)
Completed 200 OK in 23ms (Views: 22.2ms | ActiveRecord: 0.0ms | Allocations: 10989)


Started GET "/" for ::1 at 2022-10-17 18:52:58 -0300
Processing by WelcomeController#index as HTML
  Rendering layout layouts/application.html.erb
  Rendering welcome/index.html.erb within layouts/application
  Rendered welcome/index.html.erb within layouts/application (Duration: 1.1ms | Allocations: 116)
Skipping vite build. Watched files have not changed since the last build at 2022-10-17 18:37:34
Skipping vite build. Watched files have not changed since the last build at 2022-10-17 18:37:34
  Rendered welcome/_header.html.erb (Duration: 0.9ms | Allocations: 391)
  Rendered layout layouts/application.html.erb (Duration: 10.5ms | Allocations: 5094)
Completed 200 OK in 13ms (Views: 12.7ms | ActiveRecord: 0.0ms | Allocations: 5978)


Started GET "/usuarios" for ::1 at 2022-10-17 18:53:02 -0300
Processing by UsuariosController#index as HTML
  Rendering layout layouts/application.html.erb
  Rendering usuarios/index.html.erb within layouts/application
  [1m[36mUsuario Load (0.5ms)[0m  [1m[34mSELECT "usuarios".* FROM "usuarios"[0m
  ↳ app/views/usuarios/index.html.erb:6
  Rendered usuarios/_usuario.html.erb (Duration: 0.5ms | Allocations: 322)
  Rendered usuarios/index.html.erb within layouts/application (Duration: 26.8ms | Allocations: 18471)
Skipping vite build. Watched files have not changed since the last build at 2022-10-17 18:37:34
Skipping vite build. Watched files have not changed since the last build at 2022-10-17 18:37:34
  Rendered welcome/_header.html.erb (Duration: 0.3ms | Allocations: 126)
  Rendered layout layouts/application.html.erb (Duration: 34.2ms | Allocations: 22583)
Completed 200 OK in 39ms (Views: 30.4ms | ActiveRecord: 5.7ms | Allocations: 24258)


Started GET "/usuarios" for ::1 at 2022-10-17 18:53:56 -0300
  [1m[36mActiveRecord::SchemaMigration Pluck (0.7ms)[0m  [1m[34mSELECT "schema_migrations"."version" FROM "schema_migrations" ORDER BY "schema_migrations"."version" ASC[0m
Processing by UsuariosController#index as HTML
  Rendering layout layouts/application.html.erb
  Rendering usuarios/index.html.erb within layouts/application
  [1m[36mUsuario Load (0.5ms)[0m  [1m[34mSELECT "usuarios".* FROM "usuarios"[0m
  ↳ app/views/usuarios/index.html.erb:6
  Rendered usuarios/_usuario.html.erb (Duration: 0.7ms | Allocations: 333)
  Rendered usuarios/index.html.erb within layouts/application (Duration: 29.1ms | Allocations: 19096)
Skipping vite build. Watched files have not changed since the last build at 2022-10-17 18:37:34
Skipping vite build. Watched files have not changed since the last build at 2022-10-17 18:37:34
  Rendered welcome/_header.html.erb (Duration: 2.9ms | Allocations: 1439)
  Rendered layout layouts/application.html.erb (Duration: 47.2ms | Allocations: 27959)
Completed 500 Internal Server Error in 56ms (ActiveRecord: 3.3ms | Allocations: 32067)


  
ActionView::SyntaxErrorInTemplate (Encountered a syntax error while rendering template: check <nav class="navbar navbar-expand bg-light">
  <div class="container-fluid">
    <%= link_to 'Navbar' , root_path, class:'navbar-brand'%>
      <button class="navbar-toggler" type="button" data-bs-toggle="collapse" data-bs-target="#navbarSupportedContent"
        aria-controls="navbarSupportedContent" aria-expanded="false" aria-label="Toggle navigation">
        <span class="navbar-toggler-icon"></span>
      </button>
      <div class="collapse navbar-collapse" id="navbarSupportedContent">
        <ul class="navbar-nav me-auto mb-2 mb-lg-0">
          <li class="nav-item">
            <%= link_to 'Home' , root_path, class:'nav-link'%>
          </li>
          <li class="nav-item">
          </li>
          <li class="nav-item dropdown">
            <a class="nav-link dropdown-toggle" href="#" role="button" data-bs-toggle="dropdown" aria-expanded="false">
              Usuarios
            </a>
            <ul class="dropdown-menu">
              <%= link_to 'Listar Usuarios' , usuarios_path, class:'dropdown-item'%>
              <%= link_to 'Criar Usuarios' , usuarios#create, class:'dropdown-item'%>
              <li><a class="dropdown-item" href="#">Action</a></li>
              <li><a class="dropdown-item" href="#">Another action</a></li>
              <li>
                <hr class="dropdown-divider">
              </li>
              <li><a class="dropdown-item" href="#">Something else here</a></li>
            </ul>
          </li>
        </ul>
        <form class="d-flex" role="search">
          <input class="form-control me-2" type="search" placeholder="Search" aria-label="Search">
          <button class="btn btn-outline-success" type="submit">Search</button>
        </form>
      </div>
  </div>
</nav>
):
1:    <nav class="navbar navbar-expand bg-light">
2:      <div class="container-fluid">
3:        <%= link_to 'Navbar' , root_path, class:'navbar-brand'%>
4:          <button class="navbar-toggler" type="button" data-bs-toggle="collapse" data-bs-target="#navbarSupportedContent"
5:            aria-controls="navbarSupportedContent" aria-expanded="false" aria-label="Toggle navigation">
6:            <span class="navbar-toggler-icon"></span>
7:          </button>
8:          <div class="collapse navbar-collapse" id="navbarSupportedContent">
9:            <ul class="navbar-nav me-auto mb-2 mb-lg-0">
10:              <li class="nav-item">
11:                <%= link_to 'Home' , root_path, class:'nav-link'%>
12:              </li>
13:              <li class="nav-item">
14:              </li>
15:              <li class="nav-item dropdown">
16:                <a class="nav-link dropdown-toggle" href="#" role="button" data-bs-toggle="dropdown" aria-expanded="false">
17:                  Usuarios
18:                </a>
19:                <ul class="dropdown-menu">
20:                  <%= link_to 'Listar Usuarios' , usuarios_path, class:'dropdown-item'%>
21:                  <%= link_to 'Criar Usuarios' , usuarios#create, class:'dropdown-item'%>
22:                  <li><a class="dropdown-item" href="#">Action</a></li>
23:                  <li><a class="dropdown-item" href="#">Another action</a></li>
24:                  <li>
25:                    <hr class="dropdown-divider">
26:                  </li>
27:                  <li><a class="dropdown-item" href="#">Something else here</a></li>
28:                </ul>
29:              </li>
30:            </ul>
31:            <form class="d-flex" role="search">
32:              <input class="form-control me-2" type="search" placeholder="Search" aria-label="Search">
33:              <button class="btn btn-outline-success" type="submit">Search</button>
34:            </form>
35:          </div>
36:      </div>
37:    </nav>
  
app/views/welcome/_header.html.erb:22: syntax error, unexpected '<', expecting ')'
app/views/welcome/_header.html.erb:22: syntax error, unexpected local variable or method, expecting ')'
app/views/welcome/_header.html.erb:22: unknown regexp option - l
app/views/welcome/_header.html.erb:23: syntax error, unexpected '<'
app/views/welcome/_header.html.erb:23: syntax error, unexpected local variable or method, expecting ')'
app/views/welcome/_header.html.erb:23: syntax error, unexpected local variable or method, expecting `do' or '{' or '('
app/views/welcome/_header.html.erb:23: unknown regexp option - l
app/views/welcome/_header.html.erb:24: syntax error, unexpected '<'
app/views/welcome/_header.html.erb:26: syntax error, unexpected '<'
app/views/welcome/_header.html.erb:27: unknown regexp option - a
app/views/welcome/_header.html.erb:27: syntax error, unexpected '<'
app/views/welcome/_header.html.erb:28: unknown regexp option - l
app/views/welcome/_header.html.erb:29: syntax error, unexpected '<'
app/views/welcome/_header.html.erb:30: unknown regexp option - l
app/views/welcome/_header.html.erb:31: syntax error, unexpected '<'
app/views/welcome/_header.html.erb:31: syntax error, unexpected local variable or method, expecting ')'
app/views/welcome/_header.html.erb:32: syntax error, unexpected '<'
app/views/welcome/_header.html.erb:32: syntax error, unexpected local variable or method, expecting ')'
app/views/welcome/_header.html.erb:32: syntax error, unexpected local variable or method, expecting ')'
app/views/welcome/_header.html.erb:32: syntax error, unexpected local variable or method, expecting ')'
app/views/welcome/_header.html.erb:33: syntax error, unexpected '<'
app/views/welcome/_header.html.erb:33: syntax error, unexpected local variable or method, expecting ')'
app/views/welcome/_header.html.erb:34: unknown regexp options - fr
app/views/welcome/_header.html.erb:35: syntax error, unexpected '<'
app/views/welcome/_header.html.erb:36: unknown regexp options - dv
app/views/welcome/_header.html.erb:37: syntax error, unexpected '<'
app/views/welcome/_header.html.erb:39: unterminated regexp meets end of file
app/views/welcome/_header.html.erb:39: syntax error, unexpected end-of-input, expecting ')'
app/views/welcome/_header.html.erb:22: syntax error, unexpected '<', expecting ')'
app/views/welcome/_header.html.erb:22: syntax error, unexpected local variable or method, expecting ')'
app/views/welcome/_header.html.erb:22: unknown regexp option - l
app/views/welcome/_header.html.erb:23: syntax error, unexpected '<'
app/views/welcome/_header.html.erb:23: syntax error, unexpected local variable or method, expecting ')'
app/views/welcome/_header.html.erb:23: syntax error, unexpected local variable or method, expecting `do' or '{' or '('
app/views/welcome/_header.html.erb:23: unknown regexp option - l
app/views/welcome/_header.html.erb:24: syntax error, unexpected '<'
app/views/welcome/_header.html.erb:26: syntax error, unexpected '<'
app/views/welcome/_header.html.erb:27: unknown regexp option - a
app/views/welcome/_header.html.erb:27: syntax error, unexpected '<'
app/views/welcome/_header.html.erb:28: unknown regexp option - l
app/views/welcome/_header.html.erb:29: syntax error, unexpected '<'
app/views/welcome/_header.html.erb:30: unknown regexp option - l
app/views/welcome/_header.html.erb:31: syntax error, unexpected '<'
app/views/welcome/_header.html.erb:31: syntax error, unexpected local variable or method, expecting ')'
app/views/welcome/_header.html.erb:32: syntax error, unexpected '<'
app/views/welcome/_header.html.erb:32: syntax error, unexpected local variable or method, expecting ')'
app/views/welcome/_header.html.erb:32: syntax error, unexpected local variable or method, expecting ')'
app/views/welcome/_header.html.erb:32: syntax error, unexpected local variable or method, expecting ')'
app/views/welcome/_header.html.erb:33: syntax error, unexpected '<'
app/views/welcome/_header.html.erb:33: syntax error, unexpected local variable or method, expecting ')'
app/views/welcome/_header.html.erb:34: unknown regexp options - fr
app/views/welcome/_header.html.erb:35: syntax error, unexpected '<'
app/views/welcome/_header.html.erb:36: unknown regexp options - dv
app/views/welcome/_header.html.erb:37: syntax error, unexpected '<'
app/views/welcome/_header.html.erb:39: unterminated regexp meets end of file
app/views/welcome/_header.html.erb:39: syntax error, unexpected end-of-input, expecting ')'
app/views/welcome/_header.html.erb:22: syntax error, unexpected '<', expecting ')'
app/views/welcome/_header.html.erb:22: syntax error, unexpected local variable or method, expecting ')'
app/views/welcome/_header.html.erb:22: unknown regexp option - l
app/views/welcome/_header.html.erb:23: syntax error, unexpected '<'
app/views/welcome/_header.html.erb:23: syntax error, unexpected local variable or method, expecting ')'
app/views/welcome/_header.html.erb:23: syntax error, unexpected local variable or method, expecting `do' or '{' or '('
app/views/welcome/_header.html.erb:23: unknown regexp option - l
app/views/welcome/_header.html.erb:24: syntax error, unexpected '<'
app/views/welcome/_header.html.erb:26: syntax error, unexpected '<'
app/views/welcome/_header.html.erb:27: unknown regexp option - a
app/views/welcome/_header.html.erb:27: syntax error, unexpected '<'
app/views/welcome/_header.html.erb:28: unknown regexp option - l
app/views/welcome/_header.html.erb:29: syntax error, unexpected '<'
app/views/welcome/_header.html.erb:30: unknown regexp option - l
app/views/welcome/_header.html.erb:31: syntax error, unexpected '<'
app/views/welcome/_header.html.erb:31: syntax error, unexpected local variable or method, expecting ')'
app/views/welcome/_header.html.erb:32: syntax error, unexpected '<'
app/views/welcome/_header.html.erb:32: syntax error, unexpected local variable or method, expecting ')'
app/views/welcome/_header.html.erb:32: syntax error, unexpected local variable or method, expecting ')'
app/views/welcome/_header.html.erb:32: syntax error, unexpected local variable or method, expecting ')'
app/views/welcome/_header.html.erb:33: syntax error, unexpected '<'
app/views/welcome/_header.html.erb:33: syntax error, unexpected local variable or method, expecting ')'
app/views/welcome/_header.html.erb:34: unknown regexp options - fr
app/views/welcome/_header.html.erb:35: syntax error, unexpected '<'
app/views/welcome/_header.html.erb:36: unknown regexp options - dv
app/views/welcome/_header.html.erb:37: syntax error, unexpected '<'
app/views/welcome/_header.html.erb:39: unterminated regexp meets end of file
app/views/welcome/_header.html.erb:39: syntax error, unexpected end-of-input, expecting ')'
app/views/welcome/_header.html.erb:22: syntax error, unexpected '<', expecting ')'
app/views/welcome/_header.html.erb:22: syntax error, unexpected local variable or method, expecting ')'
app/views/welcome/_header.html.erb:22: unknown regexp option - l
app/views/welcome/_header.html.erb:23: syntax error, unexpected '<'
app/views/welcome/_header.html.erb:23: syntax error, unexpected local variable or method, expecting ')'
app/views/welcome/_header.html.erb:23: syntax error, unexpected local variable or method, expecting `do' or '{' or '('
app/views/welcome/_header.html.erb:23: unknown regexp option - l
app/views/welcome/_header.html.erb:24: syntax error, unexpected '<'
app/views/welcome/_header.html.erb:26: syntax error, unexpected '<'
app/views/welcome/_header.html.erb:27: unknown regexp option - a
app/views/welcome/_header.html.erb:27: syntax error, unexpected '<'
app/views/welcome/_header.html.erb:28: unknown regexp option - l
app/views/welcome/_header.html.erb:29: syntax error, unexpected '<'
app/views/welcome/_header.html.erb:30: unknown regexp option - l
app/views/welcome/_header.html.erb:31: syntax error, unexpected '<'
app/views/welcome/_header.html.erb:31: syntax error, unexpected local variable or method, expecting ')'
app/views/welcome/_header.html.erb:32: syntax error, unexpected '<'
app/views/welcome/_header.html.erb:32: syntax error, unexpected local variable or method, expecting ')'
app/views/welcome/_header.html.erb:32: syntax error, unexpected local variable or method, expecting ')'
app/views/welcome/_header.html.erb:32: syntax error, unexpected local variable or method, expecting ')'
app/views/welcome/_header.html.erb:33: syntax error, unexpected '<'
app/views/welcome/_header.html.erb:33: syntax error, unexpected local variable or method, expecting ')'
app/views/welcome/_header.html.erb:34: unknown regexp options - fr
app/views/welcome/_header.html.erb:35: syntax error, unexpected '<'
app/views/welcome/_header.html.erb:36: unknown regexp options - dv
app/views/welcome/_header.html.erb:37: syntax error, unexpected '<'
app/views/welcome/_header.html.erb:39: unterminated regexp meets end of file
app/views/welcome/_header.html.erb:39: syntax error, unexpected end-of-input, expecting ')'
app/views/layouts/application.html.erb:43
Started GET "/usuarios" for ::1 at 2022-10-17 18:54:50 -0300
Processing by UsuariosController#index as HTML
  Rendering layout layouts/application.html.erb
  Rendering usuarios/index.html.erb within layouts/application
  [1m[36mUsuario Load (0.3ms)[0m  [1m[34mSELECT "usuarios".* FROM "usuarios"[0m
  ↳ app/views/usuarios/index.html.erb:6
  Rendered usuarios/_usuario.html.erb (Duration: 0.7ms | Allocations: 246)
  Rendered usuarios/index.html.erb within layouts/application (Duration: 4.5ms | Allocations: 1610)
Skipping vite build. Watched files have not changed since the last build at 2022-10-17 18:37:34
Skipping vite build. Watched files have not changed since the last build at 2022-10-17 18:37:34
  Rendered welcome/_header.html.erb (Duration: 10.5ms | Allocations: 3497)
  Rendered layout layouts/application.html.erb (Duration: 23.7ms | Allocations: 9482)
Completed 500 Internal Server Error in 26ms (ActiveRecord: 0.3ms | Allocations: 10467)


  
ActionView::Template::Error (undefined local variable or method `new_usuario' for #<ActionView::Base:0x00000000005370>
Did you mean?  new_usuario_url):
    18:             </a>
    19:             <ul class="dropdown-menu">
    20:               <%= link_to 'Listar Usuarios' , usuarios_path, class:'dropdown-item'%>
    21:               <%= link_to 'Criar Usuarios' , new_usuario, class:'dropdown-item'%>
    22:               <li><a class="dropdown-item" href="#">Action</a></li>
    23:               <li><a class="dropdown-item" href="#">Another action</a></li>
    24:               <li>
  
app/views/welcome/_header.html.erb:21
app/views/layouts/application.html.erb:43
Started GET "/usuarios" for ::1 at 2022-10-17 18:55:20 -0300
Processing by UsuariosController#index as HTML
  Rendering layout layouts/application.html.erb
  Rendering usuarios/index.html.erb within layouts/application
  [1m[36mUsuario Load (0.3ms)[0m  [1m[34mSELECT "usuarios".* FROM "usuarios"[0m
  ↳ app/views/usuarios/index.html.erb:6
  Rendered usuarios/_usuario.html.erb (Duration: 0.6ms | Allocations: 246)
  Rendered usuarios/index.html.erb within layouts/application (Duration: 4.0ms | Allocations: 1601)
Skipping vite build. Watched files have not changed since the last build at 2022-10-17 18:37:34
Skipping vite build. Watched files have not changed since the last build at 2022-10-17 18:37:34
  Rendered welcome/_header.html.erb (Duration: 0.8ms | Allocations: 409)
  Rendered layout layouts/application.html.erb (Duration: 13.4ms | Allocations: 6384)
Completed 200 OK in 16ms (Views: 14.6ms | ActiveRecord: 0.3ms | Allocations: 7416)


Started GET "/usuarios/new" for ::1 at 2022-10-17 18:55:33 -0300
Processing by UsuariosController#new as HTML
  Rendering layout layouts/application.html.erb
  Rendering usuarios/new.html.erb within layouts/application
  Rendered usuarios/_form.html.erb (Duration: 21.6ms | Allocations: 7929)
  Rendered usuarios/new.html.erb within layouts/application (Duration: 23.6ms | Allocations: 8236)
Skipping vite build. Watched files have not changed since the last build at 2022-10-17 18:37:34
Skipping vite build. Watched files have not changed since the last build at 2022-10-17 18:37:34
  Rendered welcome/_header.html.erb (Duration: 0.6ms | Allocations: 158)
  Rendered layout layouts/application.html.erb (Duration: 32.1ms | Allocations: 12301)
Completed 200 OK in 34ms (Views: 32.6ms | ActiveRecord: 0.0ms | Allocations: 12670)


Started GET "/usuarios" for ::1 at 2022-10-17 18:55:35 -0300
Processing by UsuariosController#index as HTML
  Rendering layout layouts/application.html.erb
  Rendering usuarios/index.html.erb within layouts/application
  [1m[36mUsuario Load (0.3ms)[0m  [1m[34mSELECT "usuarios".* FROM "usuarios"[0m
  ↳ app/views/usuarios/index.html.erb:6
  Rendered usuarios/_usuario.html.erb (Duration: 0.1ms | Allocations: 29)
  Rendered usuarios/index.html.erb within layouts/application (Duration: 2.3ms | Allocations: 966)
Skipping vite build. Watched files have not changed since the last build at 2022-10-17 18:37:34
Skipping vite build. Watched files have not changed since the last build at 2022-10-17 18:37:34
  Rendered welcome/_header.html.erb (Duration: 0.2ms | Allocations: 156)
  Rendered layout layouts/application.html.erb (Duration: 8.4ms | Allocations: 4876)
Completed 200 OK in 9ms (Views: 8.6ms | ActiveRecord: 0.3ms | Allocations: 5138)


  [1m[35m (0.2ms)[0m  [1m[34mSELECT pg_try_advisory_lock(2963435355795465600)[0m
  [1m[36mActiveRecord::SchemaMigration Pluck (0.8ms)[0m  [1m[34mSELECT "schema_migrations"."version" FROM "schema_migrations" ORDER BY "schema_migrations"."version" ASC[0m
Migrating to CreateAcademia (20221017215735)
  [1m[36mTRANSACTION (0.2ms)[0m  [1m[35mBEGIN[0m
  [1m[35m (21.2ms)[0m  [1m[35mCREATE TABLE "academia" ("id" bigserial primary key, "nome" character varying, "cnpj" integer, "telefone" integer, "endereco" character varying, "precoMatricula" float, "precoMensalidade" float, "site" character varying, "instagram" character varying, "facebook" character varying, "created_at" timestamp(6) NOT NULL, "updated_at" timestamp(6) NOT NULL)[0m
  [1m[36mActiveRecord::SchemaMigration Create (0.4ms)[0m  [1m[32mINSERT INTO "schema_migrations" ("version") VALUES ($1) RETURNING "version"[0m  [["version", "20221017215735"]]
  [1m[36mTRANSACTION (4.3ms)[0m  [1m[35mCOMMIT[0m
  [1m[36mActiveRecord::InternalMetadata Load (0.3ms)[0m  [1m[34mSELECT "ar_internal_metadata".* FROM "ar_internal_metadata" WHERE "ar_internal_metadata"."key" = $1 LIMIT $2[0m  [["key", "environment"], ["LIMIT", 1]]
  [1m[35m (0.4ms)[0m  [1m[34mSELECT pg_advisory_unlock(2963435355795465600)[0m
  [1m[36mActiveRecord::SchemaMigration Pluck (0.5ms)[0m  [1m[34mSELECT "schema_migrations"."version" FROM "schema_migrations" ORDER BY "schema_migrations"."version" ASC[0m
Started GET "/usuarios" for ::1 at 2022-10-17 18:59:10 -0300
  [1m[36mActiveRecord::SchemaMigration Pluck (0.4ms)[0m  [1m[34mSELECT "schema_migrations"."version" FROM "schema_migrations" ORDER BY "schema_migrations"."version" ASC[0m
Processing by UsuariosController#index as HTML
  Rendering layout layouts/application.html.erb
  Rendering usuarios/index.html.erb within layouts/application
  [1m[36mUsuario Load (0.4ms)[0m  [1m[34mSELECT "usuarios".* FROM "usuarios"[0m
  ↳ app/views/usuarios/index.html.erb:6
  Rendered usuarios/_usuario.html.erb (Duration: 0.5ms | Allocations: 333)
  Rendered usuarios/index.html.erb within layouts/application (Duration: 22.6ms | Allocations: 19116)
Skipping vite build. Watched files have not changed since the last build at 2022-10-17 18:37:34
Skipping vite build. Watched files have not changed since the last build at 2022-10-17 18:37:34
  Rendered welcome/_header.html.erb (Duration: 11.7ms | Allocations: 4683)
  Rendered layout layouts/application.html.erb (Duration: 46.6ms | Allocations: 31225)
Completed 500 Internal Server Error in 57ms (ActiveRecord: 3.3ms | Allocations: 35333)


  
ActionView::Template::Error (undefined local variable or method `new_academia_path' for #<ActionView::Base:0x00000000005780>
Did you mean?  new_academium_path):
    33:             </a>
    34:             <ul class="dropdown-menu">
    35:               <%= link_to 'Listar Academias' , academia_path, class:'dropdown-item'%>
    36:               <%= link_to 'Criar Usuarios' , new_academia_path, class:'dropdown-item'%>
    37:               <li><a class="dropdown-item" href="#">Action</a></li>
    38:               <li><a class="dropdown-item" href="#">Another action</a></li>
    39:               <li>
  
app/views/welcome/_header.html.erb:36
app/views/layouts/application.html.erb:43
Started GET "/usuarios" for ::1 at 2022-10-17 18:59:53 -0300
Processing by UsuariosController#index as HTML
  Rendering layout layouts/application.html.erb
  Rendering usuarios/index.html.erb within layouts/application
  [1m[36mUsuario Load (0.3ms)[0m  [1m[34mSELECT "usuarios".* FROM "usuarios"[0m
  ↳ app/views/usuarios/index.html.erb:6
  Rendered usuarios/_usuario.html.erb (Duration: 0.5ms | Allocations: 246)
  Rendered usuarios/index.html.erb within layouts/application (Duration: 4.2ms | Allocations: 1628)
Skipping vite build. Watched files have not changed since the last build at 2022-10-17 18:37:34
Skipping vite build. Watched files have not changed since the last build at 2022-10-17 18:37:34
  Rendered welcome/_header.html.erb (Duration: 0.8ms | Allocations: 561)
  Rendered layout layouts/application.html.erb (Duration: 12.3ms | Allocations: 6564)
Completed 200 OK in 14ms (Views: 13.4ms | ActiveRecord: 0.3ms | Allocations: 7613)


Started GET "/academia" for ::1 at 2022-10-17 18:59:55 -0300
Processing by AcademiaController#index as HTML
  Rendering layout layouts/application.html.erb
  Rendering academia/index.html.erb within layouts/application
  [1m[36mAcademium Load (0.7ms)[0m  [1m[34mSELECT "academia".* FROM "academia"[0m
  ↳ app/views/academia/index.html.erb:6
  Rendered academia/index.html.erb within layouts/application (Duration: 3.2ms | Allocations: 1300)
Skipping vite build. Watched files have not changed since the last build at 2022-10-17 18:37:34
Skipping vite build. Watched files have not changed since the last build at 2022-10-17 18:37:34
  Rendered welcome/_header.html.erb (Duration: 0.3ms | Allocations: 250)
  Rendered layout layouts/application.html.erb (Duration: 9.9ms | Allocations: 5535)
Completed 200 OK in 13ms (Views: 10.3ms | ActiveRecord: 0.7ms | Allocations: 6924)


Started GET "/academia/new" for ::1 at 2022-10-17 19:02:32 -0300
Processing by AcademiaController#new as HTML
  Rendering layout layouts/application.html.erb
  Rendering academia/new.html.erb within layouts/application
  Rendered academia/_form.html.erb (Duration: 17.4ms | Allocations: 9266)
  Rendered academia/new.html.erb within layouts/application (Duration: 18.4ms | Allocations: 9571)
Skipping vite build. Watched files have not changed since the last build at 2022-10-17 18:37:34
Skipping vite build. Watched files have not changed since the last build at 2022-10-17 18:37:34
  Rendered welcome/_header.html.erb (Duration: 0.3ms | Allocations: 234)
  Rendered layout layouts/application.html.erb (Duration: 25.2ms | Allocations: 13704)
Completed 200 OK in 43ms (Views: 25.7ms | ActiveRecord: 2.8ms | Allocations: 30641)


Started POST "/academia" for ::1 at 2022-10-17 19:03:07 -0300
Processing by AcademiaController#create as HTML
  Parameters: {"authenticity_token"=>"[FILTERED]", "academium"=>{"nome"=>"Academia teste", "cnpj"=>"44884885", "telefone"=>"151511884", "endereco"=>"Rua Balela", "precoMatricula"=>"48,50", "precoMensalidade"=>"90", "site"=>"uhduioauiodoa.com", "instagram"=>"@adasda", "facebook"=>"asdasdsd"}, "commit"=>"Create Academium"}
  [1m[36mTRANSACTION (0.1ms)[0m  [1m[35mBEGIN[0m
  ↳ app/controllers/academia_controller.rb:26:in `create'
  [1m[36mAcademium Create (2.6ms)[0m  [1m[32mINSERT INTO "academia" ("nome", "cnpj", "telefone", "endereco", "precoMatricula", "precoMensalidade", "site", "instagram", "facebook", "created_at", "updated_at") VALUES ($1, $2, $3, $4, $5, $6, $7, $8, $9, $10, $11) RETURNING "id"[0m  [["nome", "Academia teste"], ["cnpj", 44884885], ["telefone", 151511884], ["endereco", "Rua Balela"], ["precoMatricula", 48.0], ["precoMensalidade", 90.0], ["site", "uhduioauiodoa.com"], ["instagram", "@adasda"], ["facebook", "asdasdsd"], ["created_at", "2022-10-17 22:03:07.489925"], ["updated_at", "2022-10-17 22:03:07.489925"]]
  ↳ app/controllers/academia_controller.rb:26:in `create'
  [1m[36mTRANSACTION (14.6ms)[0m  [1m[35mCOMMIT[0m
  ↳ app/controllers/academia_controller.rb:26:in `create'
Redirected to http://localhost:3000/academia/1
Completed 302 Found in 24ms (ActiveRecord: 17.3ms | Allocations: 3279)


Started GET "/academia/1" for ::1 at 2022-10-17 19:03:07 -0300
Processing by AcademiaController#show as HTML
  Parameters: {"id"=>"1"}
  [1m[36mAcademium Load (0.2ms)[0m  [1m[34mSELECT "academia".* FROM "academia" WHERE "academia"."id" = $1 LIMIT $2[0m  [["id", 1], ["LIMIT", 1]]
  ↳ app/controllers/academia_controller.rb:51:in `set_academium'
  Rendering layout layouts/application.html.erb
  Rendering academia/show.html.erb within layouts/application
  Rendered academia/_academium.html.erb (Duration: 0.5ms | Allocations: 392)
  Rendered academia/show.html.erb within layouts/application (Duration: 2.9ms | Allocations: 1429)
Skipping vite build. Watched files have not changed since the last build at 2022-10-17 18:37:34
Skipping vite build. Watched files have not changed since the last build at 2022-10-17 18:37:34
  Rendered welcome/_header.html.erb (Duration: 0.2ms | Allocations: 232)
  Rendered layout layouts/application.html.erb (Duration: 9.3ms | Allocations: 5543)
Completed 200 OK in 15ms (Views: 9.7ms | ActiveRecord: 0.4ms | Allocations: 7535)


Started GET "/academia" for ::1 at 2022-10-17 19:03:13 -0300
Processing by AcademiaController#index as HTML
  Rendering layout layouts/application.html.erb
  Rendering academia/index.html.erb within layouts/application
  [1m[36mAcademium Load (0.3ms)[0m  [1m[34mSELECT "academia".* FROM "academia"[0m
  ↳ app/views/academia/index.html.erb:6
  Rendered academia/_academium.html.erb (Duration: 0.2ms | Allocations: 33)
  Rendered academia/index.html.erb within layouts/application (Duration: 3.6ms | Allocations: 890)
Skipping vite build. Watched files have not changed since the last build at 2022-10-17 18:37:34
Skipping vite build. Watched files have not changed since the last build at 2022-10-17 18:37:34
  Rendered welcome/_header.html.erb (Duration: 0.8ms | Allocations: 232)
  Rendered layout layouts/application.html.erb (Duration: 13.7ms | Allocations: 4876)
Completed 200 OK in 15ms (Views: 13.9ms | ActiveRecord: 0.3ms | Allocations: 5106)


Started GET "/" for ::1 at 2022-10-17 19:03:17 -0300
Processing by WelcomeController#index as HTML
  Rendering layout layouts/application.html.erb
  Rendering welcome/index.html.erb within layouts/application
  Rendered welcome/index.html.erb within layouts/application (Duration: 0.5ms | Allocations: 113)
Skipping vite build. Watched files have not changed since the last build at 2022-10-17 18:37:34
Skipping vite build. Watched files have not changed since the last build at 2022-10-17 18:37:34
  Rendered welcome/_header.html.erb (Duration: 0.6ms | Allocations: 292)
  Rendered layout layouts/application.html.erb (Duration: 15.8ms | Allocations: 4595)
Completed 200 OK in 18ms (Views: 17.8ms | ActiveRecord: 0.0ms | Allocations: 5448)


Started GET "/" for ::1 at 2022-10-17 19:03:19 -0300
Processing by WelcomeController#index as HTML
  Rendering layout layouts/application.html.erb
  Rendering welcome/index.html.erb within layouts/application
  Rendered welcome/index.html.erb within layouts/application (Duration: 0.0ms | Allocations: 7)
Skipping vite build. Watched files have not changed since the last build at 2022-10-17 18:37:34
Skipping vite build. Watched files have not changed since the last build at 2022-10-17 18:37:34
  Rendered welcome/_header.html.erb (Duration: 0.3ms | Allocations: 242)
  Rendered layout layouts/application.html.erb (Duration: 7.2ms | Allocations: 4134)
Completed 200 OK in 8ms (Views: 7.7ms | ActiveRecord: 0.0ms | Allocations: 4356)


Started GET "/usuarios" for ::1 at 2022-10-17 19:03:20 -0300
Processing by UsuariosController#index as HTML
  Rendering layout layouts/application.html.erb
  Rendering usuarios/index.html.erb within layouts/application
  [1m[36mUsuario Load (0.3ms)[0m  [1m[34mSELECT "usuarios".* FROM "usuarios"[0m
  ↳ app/views/usuarios/index.html.erb:6
  Rendered usuarios/_usuario.html.erb (Duration: 0.1ms | Allocations: 29)
  Rendered usuarios/index.html.erb within layouts/application (Duration: 2.7ms | Allocations: 958)
Skipping vite build. Watched files have not changed since the last build at 2022-10-17 18:37:34
Skipping vite build. Watched files have not changed since the last build at 2022-10-17 18:37:34
  Rendered welcome/_header.html.erb (Duration: 0.3ms | Allocations: 232)
  Rendered layout layouts/application.html.erb (Duration: 9.4ms | Allocations: 4942)
Completed 200 OK in 10ms (Views: 9.6ms | ActiveRecord: 0.3ms | Allocations: 5168)


Started GET "/" for ::1 at 2022-10-17 19:03:52 -0300
Processing by WelcomeController#index as HTML
  Rendering layout layouts/application.html.erb
  Rendering welcome/index.html.erb within layouts/application
  Rendered welcome/index.html.erb within layouts/application (Duration: 0.0ms | Allocations: 7)
Skipping vite build. Watched files have not changed since the last build at 2022-10-17 18:37:34
Skipping vite build. Watched files have not changed since the last build at 2022-10-17 18:37:34
  Rendered welcome/_header.html.erb (Duration: 0.5ms | Allocations: 242)
  Rendered layout layouts/application.html.erb (Duration: 8.7ms | Allocations: 4138)
Completed 200 OK in 9ms (Views: 9.2ms | ActiveRecord: 0.0ms | Allocations: 4346)


Started GET "/" for ::1 at 2022-10-17 19:04:43 -0300
Processing by WelcomeController#index as HTML
  Rendering layout layouts/application.html.erb
  Rendering welcome/index.html.erb within layouts/application
  Rendered welcome/index.html.erb within layouts/application (Duration: 0.5ms | Allocations: 116)
Skipping vite build. Watched files have not changed since the last build at 2022-10-17 18:37:34
Skipping vite build. Watched files have not changed since the last build at 2022-10-17 18:37:34
  Rendered welcome/_header.html.erb (Duration: 1.0ms | Allocations: 599)
  Rendered layout layouts/application.html.erb (Duration: 9.0ms | Allocations: 5309)
Completed 200 OK in 11ms (Views: 10.4ms | ActiveRecord: 0.0ms | Allocations: 6173)


Started GET "/" for ::1 at 2022-10-17 19:04:46 -0300
Processing by WelcomeController#index as HTML
  Rendering layout layouts/application.html.erb
  Rendering welcome/index.html.erb within layouts/application
  Rendered welcome/index.html.erb within layouts/application (Duration: 0.1ms | Allocations: 7)
Skipping vite build. Watched files have not changed since the last build at 2022-10-17 18:37:34
Skipping vite build. Watched files have not changed since the last build at 2022-10-17 18:37:34
  Rendered welcome/_header.html.erb (Duration: 0.4ms | Allocations: 242)
  Rendered layout layouts/application.html.erb (Duration: 8.7ms | Allocations: 4130)
Completed 200 OK in 10ms (Views: 9.3ms | ActiveRecord: 0.0ms | Allocations: 4353)


Started GET "/" for ::1 at 2022-10-17 19:04:47 -0300
Processing by WelcomeController#index as HTML
  Rendering layout layouts/application.html.erb
  Rendering welcome/index.html.erb within layouts/application
  Rendered welcome/index.html.erb within layouts/application (Duration: 0.0ms | Allocations: 7)
Skipping vite build. Watched files have not changed since the last build at 2022-10-17 18:37:34
Skipping vite build. Watched files have not changed since the last build at 2022-10-17 18:37:34
  Rendered welcome/_header.html.erb (Duration: 0.4ms | Allocations: 242)
  Rendered layout layouts/application.html.erb (Duration: 7.7ms | Allocations: 4146)
Completed 200 OK in 8ms (Views: 8.2ms | ActiveRecord: 0.0ms | Allocations: 4354)


Started GET "/" for ::1 at 2022-10-17 19:04:47 -0300
Processing by WelcomeController#index as HTML
  Rendering layout layouts/application.html.erb
  Rendering welcome/index.html.erb within layouts/application
  Rendered welcome/index.html.erb within layouts/application (Duration: 0.0ms | Allocations: 7)
Skipping vite build. Watched files have not changed since the last build at 2022-10-17 18:37:34
Skipping vite build. Watched files have not changed since the last build at 2022-10-17 18:37:34
  Rendered welcome/_header.html.erb (Duration: 0.5ms | Allocations: 242)
  Rendered layout layouts/application.html.erb (Duration: 11.4ms | Allocations: 4136)
Completed 200 OK in 12ms (Views: 12.0ms | ActiveRecord: 0.0ms | Allocations: 4344)


Started GET "/" for ::1 at 2022-10-17 19:05:29 -0300
Processing by WelcomeController#index as HTML
  Rendering layout layouts/application.html.erb
  Rendering welcome/index.html.erb within layouts/application
  Rendered welcome/index.html.erb within layouts/application (Duration: 0.4ms | Allocations: 117)
Skipping vite build. Watched files have not changed since the last build at 2022-10-17 18:37:34
Skipping vite build. Watched files have not changed since the last build at 2022-10-17 18:37:34
  Rendered welcome/_header.html.erb (Duration: 1.0ms | Allocations: 600)
  Rendered layout layouts/application.html.erb (Duration: 8.8ms | Allocations: 5311)
Completed 200 OK in 11ms (Views: 10.2ms | ActiveRecord: 0.0ms | Allocations: 6173)


Started GET "/" for ::1 at 2022-10-17 19:05:31 -0300
Processing by WelcomeController#index as HTML
  Rendering layout layouts/application.html.erb
  Rendering welcome/index.html.erb within layouts/application
  Rendered welcome/index.html.erb within layouts/application (Duration: 0.0ms | Allocations: 7)
Skipping vite build. Watched files have not changed since the last build at 2022-10-17 18:37:34
Skipping vite build. Watched files have not changed since the last build at 2022-10-17 18:37:34
  Rendered welcome/_header.html.erb (Duration: 0.4ms | Allocations: 242)
  Rendered layout layouts/application.html.erb (Duration: 8.7ms | Allocations: 4143)
Completed 200 OK in 9ms (Views: 9.1ms | ActiveRecord: 0.0ms | Allocations: 4366)


Started GET "/" for ::1 at 2022-10-17 19:05:32 -0300
Processing by WelcomeController#index as HTML
  Rendering layout layouts/application.html.erb
  Rendering welcome/index.html.erb within layouts/application
  Rendered welcome/index.html.erb within layouts/application (Duration: 0.0ms | Allocations: 7)
Skipping vite build. Watched files have not changed since the last build at 2022-10-17 18:37:34
Skipping vite build. Watched files have not changed since the last build at 2022-10-17 18:37:34
  Rendered welcome/_header.html.erb (Duration: 0.5ms | Allocations: 242)
  Rendered layout layouts/application.html.erb (Duration: 6.4ms | Allocations: 4138)
Completed 200 OK in 7ms (Views: 6.8ms | ActiveRecord: 0.0ms | Allocations: 4346)


Started GET "/" for ::1 at 2022-10-17 19:06:43 -0300
Processing by WelcomeController#index as HTML
  Rendering layout layouts/application.html.erb
  Rendering welcome/index.html.erb within layouts/application
  Rendered welcome/index.html.erb within layouts/application (Duration: 0.1ms | Allocations: 7)
Skipping vite build. Watched files have not changed since the last build at 2022-10-17 18:37:34
Skipping vite build. Watched files have not changed since the last build at 2022-10-17 18:37:34
  Rendered welcome/_header.html.erb (Duration: 0.7ms | Allocations: 242)
  Rendered layout layouts/application.html.erb (Duration: 9.4ms | Allocations: 4130)
Completed 200 OK in 10ms (Views: 10.0ms | ActiveRecord: 0.0ms | Allocations: 4338)


Started GET "/usuarios" for ::1 at 2022-10-17 19:06:44 -0300
Processing by UsuariosController#index as HTML
  Rendering layout layouts/application.html.erb
  Rendering usuarios/index.html.erb within layouts/application
  [1m[36mUsuario Load (0.4ms)[0m  [1m[34mSELECT "usuarios".* FROM "usuarios"[0m
  ↳ app/views/usuarios/index.html.erb:6
  Rendered usuarios/_usuario.html.erb (Duration: 0.6ms | Allocations: 246)
  Rendered usuarios/index.html.erb within layouts/application (Duration: 4.3ms | Allocations: 1638)
Skipping vite build. Watched files have not changed since the last build at 2022-10-17 18:37:34
Skipping vite build. Watched files have not changed since the last build at 2022-10-17 18:37:34
  Rendered welcome/_header.html.erb (Duration: 0.3ms | Allocations: 247)
  Rendered layout layouts/application.html.erb (Duration: 11.6ms | Allocations: 5849)
Completed 200 OK in 13ms (Views: 12.7ms | ActiveRecord: 0.4ms | Allocations: 6632)


Started GET "/academia" for ::1 at 2022-10-17 19:06:45 -0300
Processing by AcademiaController#index as HTML
  Rendering layout layouts/application.html.erb
  Rendering academia/index.html.erb within layouts/application
  [1m[36mAcademium Load (0.3ms)[0m  [1m[34mSELECT "academia".* FROM "academia"[0m
  ↳ app/views/academia/index.html.erb:6
  Rendered academia/_academium.html.erb (Duration: 1.0ms | Allocations: 381)
  Rendered academia/index.html.erb within layouts/application (Duration: 5.3ms | Allocations: 1781)
Skipping vite build. Watched files have not changed since the last build at 2022-10-17 18:37:34
Skipping vite build. Watched files have not changed since the last build at 2022-10-17 18:37:34
  Rendered welcome/_header.html.erb (Duration: 0.6ms | Allocations: 247)
  Rendered layout layouts/application.html.erb (Duration: 15.4ms | Allocations: 5992)
Completed 200 OK in 18ms (Views: 16.7ms | ActiveRecord: 0.3ms | Allocations: 6789)


Started GET "/academia/new" for ::1 at 2022-10-17 19:20:28 -0300
Processing by AcademiaController#new as HTML
  Rendering layout layouts/application.html.erb
  Rendering academia/new.html.erb within layouts/application
  Rendered academia/_form.html.erb (Duration: 13.6ms | Allocations: 3358)
  Rendered academia/new.html.erb within layouts/application (Duration: 15.3ms | Allocations: 3642)
Skipping vite build. Watched files have not changed since the last build at 2022-10-17 18:37:34
Skipping vite build. Watched files have not changed since the last build at 2022-10-17 18:37:34
  Rendered welcome/_header.html.erb (Duration: 0.3ms | Allocations: 232)
  Rendered layout layouts/application.html.erb (Duration: 22.1ms | Allocations: 7632)
Completed 200 OK in 24ms (Views: 22.8ms | Allocations: 7936)


Started GET "/usuarios" for ::1 at 2022-10-17 19:20:30 -0300
Processing by UsuariosController#index as HTML
  Rendering layout layouts/application.html.erb
  Rendering usuarios/index.html.erb within layouts/application
  [1m[36mUsuario Load (0.7ms)[0m  [1m[34mSELECT "usuarios".* FROM "usuarios"[0m
  ↳ app/views/usuarios/index.html.erb:6
  Rendered usuarios/_usuario.html.erb (Duration: 0.2ms | Allocations: 24)
  Rendered usuarios/index.html.erb within layouts/application (Duration: 16.7ms | Allocations: 3932)
Skipping vite build. Watched files have not changed since the last build at 2022-10-17 18:37:34
Skipping vite build. Watched files have not changed since the last build at 2022-10-17 18:37:34
  Rendered welcome/_header.html.erb (Duration: 0.4ms | Allocations: 232)
  Rendered layout layouts/application.html.erb (Duration: 25.4ms | Allocations: 7923)
Completed 200 OK in 26ms (Views: 26.0ms | ActiveRecord: 6.3ms | Allocations: 8146)


Started GET "/usuarios/new" for ::1 at 2022-10-17 19:20:31 -0300
Processing by UsuariosController#new as HTML
  Rendering layout layouts/application.html.erb
  Rendering usuarios/new.html.erb within layouts/application
  Rendered usuarios/_form.html.erb (Duration: 8.1ms | Allocations: 2364)
  Rendered usuarios/new.html.erb within layouts/application (Duration: 9.8ms | Allocations: 2671)
Skipping vite build. Watched files have not changed since the last build at 2022-10-17 18:37:34
Skipping vite build. Watched files have not changed since the last build at 2022-10-17 18:37:34
  Rendered welcome/_header.html.erb (Duration: 0.9ms | Allocations: 234)
  Rendered layout layouts/application.html.erb (Duration: 29.0ms | Allocations: 6803)
Completed 200 OK in 31ms (Views: 29.8ms | ActiveRecord: 0.0ms | Allocations: 7119)


Started GET "/" for ::1 at 2022-10-17 19:20:33 -0300
Processing by WelcomeController#index as HTML
  Rendering layout layouts/application.html.erb
  Rendering welcome/index.html.erb within layouts/application
  Rendered welcome/index.html.erb within layouts/application (Duration: 0.1ms | Allocations: 7)
Skipping vite build. Watched files have not changed since the last build at 2022-10-17 18:37:34
Skipping vite build. Watched files have not changed since the last build at 2022-10-17 18:37:34
  Rendered welcome/_header.html.erb (Duration: 0.7ms | Allocations: 242)
  Rendered layout layouts/application.html.erb (Duration: 15.1ms | Allocations: 4137)
Completed 200 OK in 17ms (Views: 16.2ms | ActiveRecord: 0.0ms | Allocations: 4373)


